****************** reading part [1] ******************
************************** DATA INFO ******************
train size: 92799 test size: 10311, dimension: 11
*************************** [KNN] ********************
acc: 85.29% train_time: 0.00 predict_time: 80.00  metrics_time: 0.00
             precision    recall  f1-score   support

       GOOD       0.85      1.00      0.92      8814
       POOR       0.17      0.00      0.01      1497

avg / total       0.75      0.85      0.79     10311

*************************** [NB] ********************
acc: 85.48% train_time: 0.00 predict_time: 0.00  metrics_time: 0.00
             precision    recall  f1-score   support

       GOOD       0.85      1.00      0.92      8814
       POOR       0.00      0.00      0.00      1497

avg / total       0.73      0.85      0.79     10311

*************************** [RF] ********************
acc: 85.27% train_time: 97.00 predict_time: 0.00  metrics_time: 0.00
             precision    recall  f1-score   support

       GOOD       0.86      1.00      0.92      8814
       POOR       0.33      0.01      0.03      1497

avg / total       0.78      0.85      0.79     10311

*************************** [LR] ********************
acc: 85.48% train_time: 1.00 predict_time: 0.00  metrics_time: 0.00
             precision    recall  f1-score   support

       GOOD       0.85      1.00      0.92      8814
       POOR       0.00      0.00      0.00      1497

avg / total       0.73      0.85      0.79     10311

*************************** [DT] ********************
acc: 75.04% train_time: 8.00 predict_time: 0.00  metrics_time: 0.00
             precision    recall  f1-score   support

       GOOD       0.86      0.84      0.85      8814
       POOR       0.19      0.21      0.20      1497

avg / total       0.76      0.75      0.76     10311

*************************** [SGD] ********************
acc: 81.72% train_time: 0.00 predict_time: 0.00  metrics_time: 0.00
             precision    recall  f1-score   support

       GOOD       0.86      0.94      0.90      8814
       POOR       0.17      0.07      0.10      1497

avg / total       0.76      0.82      0.78     10311

*************************** [LIBLINEAR] ********************
acc: 85.48% train_time: 2.00 predict_time: 0.00  metrics_time: 0.00
             precision    recall  f1-score   support

       GOOD       0.85      1.00      0.92      8814
       POOR       0.00      0.00      0.00      1497

avg / total       0.73      0.85      0.79     10311

****************** reading part [2] ******************
************************** DATA INFO ******************
train size: 92799 test size: 10311, dimension: 11
*************************** [KNN] ********************
acc: 84.80% train_time: 0.00 predict_time: 80.00  metrics_time: 0.00
             precision    recall  f1-score   support

       GOOD       0.85      1.00      0.92      8756
       POOR       0.27      0.00      0.01      1555

avg / total       0.76      0.85      0.78     10311

*************************** [NB] ********************
acc: 84.92% train_time: 0.00 predict_time: 0.00  metrics_time: 0.00
             precision    recall  f1-score   support

       GOOD       0.85      1.00      0.92      8756
       POOR       0.00      0.00      0.00      1555

avg / total       0.72      0.85      0.78     10311

*************************** [RF] ********************
acc: 84.78% train_time: 96.00 predict_time: 1.00  metrics_time: 0.00
             precision    recall  f1-score   support

       GOOD       0.85      1.00      0.92      8756
       POOR       0.40      0.02      0.04      1555

avg / total       0.78      0.85      0.78     10311

*************************** [LR] ********************
acc: 84.93% train_time: 1.00 predict_time: 0.00  metrics_time: 0.00
             precision    recall  f1-score   support

       GOOD       0.85      1.00      0.92      8756
       POOR       1.00      0.00      0.00      1555

avg / total       0.87      0.85      0.78     10311

*************************** [DT] ********************
acc: 75.18% train_time: 7.00 predict_time: 0.00  metrics_time: 0.00
             precision    recall  f1-score   support

       GOOD       0.86      0.85      0.85      8756
       POOR       0.21      0.23      0.22      1555

avg / total       0.76      0.75      0.76     10311

*************************** [SGD] ********************
acc: 73.35% train_time: 1.00 predict_time: 0.00  metrics_time: 0.00
             precision    recall  f1-score   support

       GOOD       0.86      0.82      0.84      8756
       POOR       0.19      0.23      0.21      1555

avg / total       0.76      0.73      0.74     10311

*************************** [LIBLINEAR] ********************
acc: 84.92% train_time: 2.00 predict_time: 0.00  metrics_time: 0.00
             precision    recall  f1-score   support

       GOOD       0.85      1.00      0.92      8756
       POOR       0.00      0.00      0.00      1555

avg / total       0.72      0.85      0.78     10311

****************** reading part [3] ******************
************************** DATA INFO ******************
train size: 92799 test size: 10311, dimension: 11
*************************** [KNN] ********************
acc: 84.60% train_time: 0.00 predict_time: 79.00  metrics_time: 0.00
             precision    recall  f1-score   support

       GOOD       0.85      1.00      0.92      8738
       POOR       0.17      0.00      0.01      1573

avg / total       0.74      0.85      0.78     10311

*************************** [NB] ********************
acc: 84.74% train_time: 0.00 predict_time: 0.00  metrics_time: 0.00
             precision    recall  f1-score   support

       GOOD       0.85      1.00      0.92      8738
       POOR       0.00      0.00      0.00      1573

avg / total       0.72      0.85      0.78     10311

*************************** [RF] ********************
acc: 84.52% train_time: 97.00 predict_time: 0.00  metrics_time: 0.00
             precision    recall  f1-score   support

       GOOD       0.85      1.00      0.92      8738
       POOR       0.30      0.01      0.02      1573

avg / total       0.76      0.85      0.78     10311

*************************** [LR] ********************
acc: 84.74% train_time: 1.00 predict_time: 0.00  metrics_time: 0.00
             precision    recall  f1-score   support

       GOOD       0.85      1.00      0.92      8738
       POOR       0.00      0.00      0.00      1573

avg / total       0.72      0.85      0.78     10311

*************************** [DT] ********************
acc: 74.77% train_time: 7.00 predict_time: 0.00  metrics_time: 0.00
             precision    recall  f1-score   support

       GOOD       0.86      0.84      0.85      8738
       POOR       0.20      0.22      0.21      1573

avg / total       0.76      0.75      0.75     10311

*************************** [SGD] ********************
acc: 74.44% train_time: 1.00 predict_time: 0.00  metrics_time: 0.00
             precision    recall  f1-score   support

       GOOD       0.85      0.85      0.85      8738
       POOR       0.16      0.15      0.16      1573

avg / total       0.74      0.74      0.74     10311

*************************** [LIBLINEAR] ********************
acc: 84.74% train_time: 1.00 predict_time: 0.00  metrics_time: 1.00
             precision    recall  f1-score   support

       GOOD       0.85      1.00      0.92      8738
       POOR       0.00      0.00      0.00      1573

avg / total       0.72      0.85      0.78     10311

****************** reading part [4] ******************
************************** DATA INFO ******************
train size: 92799 test size: 10311, dimension: 11
*************************** [KNN] ********************
acc: 84.72% train_time: 0.00 predict_time: 79.00  metrics_time: 0.00
             precision    recall  f1-score   support

       GOOD       0.85      1.00      0.92      8746
       POOR       0.34      0.01      0.01      1565

avg / total       0.77      0.85      0.78     10311

*************************** [NB] ********************
acc: 84.82% train_time: 0.00 predict_time: 0.00  metrics_time: 0.00
             precision    recall  f1-score   support

       GOOD       0.85      1.00      0.92      8746
       POOR       0.00      0.00      0.00      1565

avg / total       0.72      0.85      0.78     10311

*************************** [RF] ********************
acc: 84.57% train_time: 97.00 predict_time: 0.00  metrics_time: 0.00
             precision    recall  f1-score   support

       GOOD       0.85      0.99      0.92      8746
       POOR       0.30      0.01      0.02      1565

avg / total       0.77      0.85      0.78     10311

*************************** [LR] ********************
acc: 84.82% train_time: 1.00 predict_time: 0.00  metrics_time: 0.00
             precision    recall  f1-score   support

       GOOD       0.85      1.00      0.92      8746
       POOR       0.00      0.00      0.00      1565

avg / total       0.72      0.85      0.78     10311

*************************** [DT] ********************
acc: 74.64% train_time: 8.00 predict_time: 0.00  metrics_time: 0.00
             precision    recall  f1-score   support

       GOOD       0.86      0.84      0.85      8746
       POOR       0.21      0.24      0.22      1565

avg / total       0.76      0.75      0.75     10311

*************************** [SGD] ********************
acc: 83.76% train_time: 0.00 predict_time: 0.00  metrics_time: 0.00
             precision    recall  f1-score   support

       GOOD       0.85      0.98      0.91      8746
       POOR       0.20      0.02      0.04      1565

avg / total       0.75      0.84      0.78     10311

*************************** [LIBLINEAR] ********************
acc: 84.82% train_time: 2.00 predict_time: 0.00  metrics_time: 0.00
             precision    recall  f1-score   support

       GOOD       0.85      1.00      0.92      8746
       POOR       0.00      0.00      0.00      1565

avg / total       0.72      0.85      0.78     10311

****************** reading part [5] ******************
************************** DATA INFO ******************
train size: 92799 test size: 10311, dimension: 11
*************************** [KNN] ********************
acc: 84.98% train_time: 0.00 predict_time: 79.00  metrics_time: 0.00
             precision    recall  f1-score   support

       GOOD       0.85      1.00      0.92      8780
       POOR       0.20      0.00      0.01      1531

avg / total       0.75      0.85      0.78     10311

*************************** [NB] ********************
acc: 85.15% train_time: 0.00 predict_time: 0.00  metrics_time: 0.00
             precision    recall  f1-score   support

       GOOD       0.85      1.00      0.92      8780
       POOR       0.00      0.00      0.00      1531

avg / total       0.73      0.85      0.78     10311

*************************** [RF] ********************
acc: 84.94% train_time: 97.00 predict_time: 0.00  metrics_time: 0.00
             precision    recall  f1-score   support

       GOOD       0.85      0.99      0.92      8780
       POOR       0.34      0.02      0.03      1531

avg / total       0.78      0.85      0.79     10311

*************************** [LR] ********************
acc: 85.14% train_time: 1.00 predict_time: 0.00  metrics_time: 0.00
             precision    recall  f1-score   support

       GOOD       0.85      1.00      0.92      8780
       POOR       0.00      0.00      0.00      1531

avg / total       0.73      0.85      0.78     10311

*************************** [DT] ********************
acc: 74.87% train_time: 8.00 predict_time: 0.00  metrics_time: 0.00
             precision    recall  f1-score   support

       GOOD       0.86      0.84      0.85      8780
       POOR       0.19      0.21      0.20      1531

avg / total       0.76      0.75      0.75     10311

*************************** [SGD] ********************
acc: 17.46% train_time: 0.00 predict_time: 0.00  metrics_time: 0.00
             precision    recall  f1-score   support

       GOOD       0.88      0.04      0.07      8780
       POOR       0.15      0.97      0.26      1531

avg / total       0.77      0.17      0.10     10311

*************************** [LIBLINEAR] ********************
acc: 85.15% train_time: 2.00 predict_time: 0.00  metrics_time: 0.00
             precision    recall  f1-score   support

       GOOD       0.85      1.00      0.92      8780
       POOR       0.00      0.00      0.00      1531

avg / total       0.73      0.85      0.78     10311

****************** reading part [6] ******************
************************** DATA INFO ******************
train size: 92799 test size: 10311, dimension: 11
*************************** [KNN] ********************
acc: 85.62% train_time: 0.00 predict_time: 80.00  metrics_time: 0.00
             precision    recall  f1-score   support

       GOOD       0.86      1.00      0.92      8843
       POOR       0.20      0.00      0.01      1468

avg / total       0.76      0.86      0.79     10311

*************************** [NB] ********************
acc: 85.74% train_time: 0.00 predict_time: 0.00  metrics_time: 0.00
             precision    recall  f1-score   support

       GOOD       0.86      1.00      0.92      8843
       POOR       0.00      0.00      0.00      1468

avg / total       0.74      0.86      0.79     10311

*************************** [RF] ********************
acc: 85.55% train_time: 97.00 predict_time: 0.00  metrics_time: 0.00
             precision    recall  f1-score   support

       GOOD       0.86      1.00      0.92      8843
       POOR       0.33      0.01      0.03      1468

avg / total       0.78      0.86      0.79     10311

*************************** [LR] ********************
acc: 85.76% train_time: 1.00 predict_time: 0.00  metrics_time: 0.00
             precision    recall  f1-score   support

       GOOD       0.86      1.00      0.92      8843
       POOR       0.00      0.00      0.00      1468

avg / total       0.74      0.86      0.79     10311

*************************** [DT] ********************
acc: 74.74% train_time: 8.00 predict_time: 0.00  metrics_time: 0.00
             precision    recall  f1-score   support

       GOOD       0.87      0.84      0.85      8843
       POOR       0.18      0.22      0.20      1468

avg / total       0.77      0.75      0.76     10311

*************************** [SGD] ********************
acc: 85.76% train_time: 0.00 predict_time: 0.00  metrics_time: 0.00
             precision    recall  f1-score   support

       GOOD       0.86      1.00      0.92      8843
       POOR       0.00      0.00      0.00      1468

avg / total       0.74      0.86      0.79     10311

*************************** [LIBLINEAR] ********************
acc: 85.76% train_time: 2.00 predict_time: 0.00  metrics_time: 0.00
             precision    recall  f1-score   support

       GOOD       0.86      1.00      0.92      8843
       POOR       0.00      0.00      0.00      1468

avg / total       0.74      0.86      0.79     10311

****************** reading part [7] ******************
************************** DATA INFO ******************
train size: 92799 test size: 10311, dimension: 11
*************************** [KNN] ********************
acc: 84.39% train_time: 0.00 predict_time: 80.00  metrics_time: 0.00
             precision    recall  f1-score   support

       GOOD       0.85      1.00      0.92      8727
       POOR       0.09      0.00      0.00      1584

avg / total       0.73      0.84      0.78     10311

*************************** [NB] ********************
acc: 84.64% train_time: 0.00 predict_time: 0.00  metrics_time: 0.00
             precision    recall  f1-score   support

       GOOD       0.85      1.00      0.92      8727
       POOR       0.00      0.00      0.00      1584

avg / total       0.72      0.85      0.78     10311

*************************** [RF] ********************
acc: 84.55% train_time: 97.00 predict_time: 0.00  metrics_time: 0.00
             precision    recall  f1-score   support

       GOOD       0.85      1.00      0.92      8727
       POOR       0.42      0.02      0.03      1584

avg / total       0.78      0.85      0.78     10311

*************************** [LR] ********************
acc: 84.64% train_time: 1.00 predict_time: 0.00  metrics_time: 0.00
             precision    recall  f1-score   support

       GOOD       0.85      1.00      0.92      8727
       POOR       0.00      0.00      0.00      1584

avg / total       0.72      0.85      0.78     10311

*************************** [DT] ********************
acc: 74.45% train_time: 8.00 predict_time: 0.00  metrics_time: 0.00
             precision    recall  f1-score   support

       GOOD       0.85      0.84      0.85      8727
       POOR       0.19      0.21      0.20      1584

avg / total       0.75      0.74      0.75     10311

*************************** [SGD] ********************
acc: 84.64% train_time: 0.00 predict_time: 0.00  metrics_time: 0.00
             precision    recall  f1-score   support

       GOOD       0.85      1.00      0.92      8727
       POOR       0.00      0.00      0.00      1584

avg / total       0.72      0.85      0.78     10311

*************************** [LIBLINEAR] ********************
acc: 84.64% train_time: 2.00 predict_time: 0.00  metrics_time: 0.00
             precision    recall  f1-score   support

       GOOD       0.85      1.00      0.92      8727
       POOR       0.00      0.00      0.00      1584

avg / total       0.72      0.85      0.78     10311

****************** reading part [8] ******************
************************** DATA INFO ******************
train size: 92799 test size: 10311, dimension: 11
*************************** [KNN] ********************
acc: 85.20% train_time: 0.00 predict_time: 80.00  metrics_time: 0.00
             precision    recall  f1-score   support

       GOOD       0.85      1.00      0.92      8811
       POOR       0.12      0.00      0.01      1500

avg / total       0.75      0.85      0.79     10311

*************************** [NB] ********************
acc: 85.45% train_time: 0.00 predict_time: 0.00  metrics_time: 0.00
             precision    recall  f1-score   support

       GOOD       0.85      1.00      0.92      8811
       POOR       0.00      0.00      0.00      1500

avg / total       0.73      0.85      0.79     10311

*************************** [RF] ********************
acc: 85.31% train_time: 97.00 predict_time: 0.00  metrics_time: 0.00
             precision    recall  f1-score   support

       GOOD       0.86      1.00      0.92      8811
       POOR       0.36      0.01      0.02      1500

avg / total       0.78      0.85      0.79     10311

*************************** [LR] ********************
acc: 85.45% train_time: 2.00 predict_time: 0.00  metrics_time: 0.00
             precision    recall  f1-score   support

       GOOD       0.85      1.00      0.92      8811
       POOR       0.00      0.00      0.00      1500

avg / total       0.73      0.85      0.79     10311

*************************** [DT] ********************
acc: 74.38% train_time: 7.00 predict_time: 0.00  metrics_time: 0.00
             precision    recall  f1-score   support

       GOOD       0.86      0.83      0.85      8811
       POOR       0.18      0.22      0.20      1500

avg / total       0.76      0.74      0.75     10311

*************************** [SGD] ********************
acc: 85.45% train_time: 0.00 predict_time: 0.00  metrics_time: 0.00
             precision    recall  f1-score   support

       GOOD       0.85      1.00      0.92      8811
       POOR       0.00      0.00      0.00      1500

avg / total       0.73      0.85      0.79     10311

*************************** [LIBLINEAR] ********************
acc: 85.45% train_time: 2.00 predict_time: 0.00  metrics_time: 0.00
             precision    recall  f1-score   support

       GOOD       0.85      1.00      0.92      8811
       POOR       0.00      0.00      0.00      1500

avg / total       0.73      0.85      0.79     10311

****************** reading part [9] ******************
************************** DATA INFO ******************
train size: 92799 test size: 10311, dimension: 11
*************************** [KNN] ********************
acc: 84.48% train_time: 0.00 predict_time: 80.00  metrics_time: 0.00
             precision    recall  f1-score   support

       GOOD       0.85      1.00      0.92      8734
       POOR       0.17      0.00      0.01      1577

avg / total       0.74      0.84      0.78     10311

*************************** [NB] ********************
acc: 84.71% train_time: 0.00 predict_time: 0.00  metrics_time: 0.00
             precision    recall  f1-score   support

       GOOD       0.85      1.00      0.92      8734
       POOR       0.00      0.00      0.00      1577

avg / total       0.72      0.85      0.78     10311

*************************** [RF] ********************
acc: 84.49% train_time: 97.00 predict_time: 0.00  metrics_time: 0.00
             precision    recall  f1-score   support

       GOOD       0.85      0.99      0.92      8734
       POOR       0.33      0.01      0.03      1577

avg / total       0.77      0.84      0.78     10311

*************************** [LR] ********************
acc: 84.71% train_time: 1.00 predict_time: 0.00  metrics_time: 0.00
             precision    recall  f1-score   support

       GOOD       0.85      1.00      0.92      8734
       POOR       0.00      0.00      0.00      1577

avg / total       0.72      0.85      0.78     10311

*************************** [DT] ********************
acc: 74.41% train_time: 8.00 predict_time: 0.00  metrics_time: 0.00
             precision    recall  f1-score   support

       GOOD       0.86      0.84      0.85      8734
       POOR       0.19      0.21      0.20      1577

avg / total       0.75      0.74      0.75     10311

*************************** [SGD] ********************
acc: 51.11% train_time: 0.00 predict_time: 0.00  metrics_time: 0.00
             precision    recall  f1-score   support

       GOOD       0.86      0.51      0.64      8734
       POOR       0.16      0.53      0.25      1577

avg / total       0.75      0.51      0.58     10311

*************************** [LIBLINEAR] ********************
acc: 84.71% train_time: 2.00 predict_time: 0.00  metrics_time: 0.00
             precision    recall  f1-score   support

       GOOD       0.85      1.00      0.92      8734
       POOR       0.00      0.00      0.00      1577

avg / total       0.72      0.85      0.78     10311

****************** reading part [10] ******************
************************** DATA INFO ******************
train size: 92799 test size: 10311, dimension: 11
*************************** [KNN] ********************
acc: 84.84% train_time: 0.00 predict_time: 81.00  metrics_time: 0.00
             precision    recall  f1-score   support

       GOOD       0.85      1.00      0.92      8766
       POOR       0.22      0.00      0.01      1545

avg / total       0.76      0.85      0.78     10311

*************************** [NB] ********************
acc: 85.02% train_time: 0.00 predict_time: 0.00  metrics_time: 0.00
             precision    recall  f1-score   support

       GOOD       0.85      1.00      0.92      8766
       POOR       0.00      0.00      0.00      1545

avg / total       0.72      0.85      0.78     10311

*************************** [RF] ********************
acc: 84.85% train_time: 96.00 predict_time: 1.00  metrics_time: 0.00
             precision    recall  f1-score   support

       GOOD       0.85      1.00      0.92      8766
       POOR       0.37      0.01      0.03      1545

avg / total       0.78      0.85      0.78     10311

*************************** [LR] ********************
acc: 85.01% train_time: 1.00 predict_time: 0.00  metrics_time: 0.00
             precision    recall  f1-score   support

       GOOD       0.85      1.00      0.92      8766
       POOR       0.00      0.00      0.00      1545

avg / total       0.72      0.85      0.78     10311

*************************** [DT] ********************
acc: 73.78% train_time: 7.00 predict_time: 0.00  metrics_time: 0.00
             precision    recall  f1-score   support

       GOOD       0.86      0.83      0.84      8766
       POOR       0.18      0.21      0.19      1545

avg / total       0.75      0.74      0.75     10311

*************************** [SGD] ********************
acc: 31.20% train_time: 1.00 predict_time: 0.00  metrics_time: 0.00
             precision    recall  f1-score   support

       GOOD       0.87      0.23      0.36      8766
       POOR       0.15      0.81      0.26      1545

avg / total       0.76      0.31      0.34     10311

*************************** [LIBLINEAR] ********************
acc: 85.02% train_time: 1.00 predict_time: 0.00  metrics_time: 0.00
             precision    recall  f1-score   support

       GOOD       0.85      1.00      0.92      8766
       POOR       0.00      0.00      0.00      1545

avg / total       0.72      0.85      0.78     10311

*************************** summary *******************************
  classifier         acc   precision      recall    f1-score  train_timepredict_time
         KNN       0.849       0.753       0.849       0.782       0.000      79.800
          NB       0.851       0.724       0.851       0.782       0.000       0.000
          RF       0.849       0.777       0.849       0.785      96.800       0.200
          LR       0.851       0.739       0.851       0.782       1.100       0.000
          DT       0.746       0.759       0.746       0.753       7.600       0.000
         SGD       0.669       0.747       0.669       0.642       0.300       0.000
   LIBLINEAR       0.851       0.724       0.851       0.782       1.800       0.000
